{"total": {"lines":{"total":79,"covered":79,"skipped":0,"pct":100},"statements":{"total":80,"covered":80,"skipped":0,"pct":100},"functions":{"total":26,"covered":26,"skipped":0,"pct":100},"branches":{"total":37,"covered":37,"skipped":0,"pct":100},"branchesTrue":{"total":0,"covered":0,"skipped":0,"pct":100}}
,"C:\\Users\\notre\\fullstack-calculator\\frontend\\src\\App.tsx": {"lines":{"total":21,"covered":21,"skipped":0,"pct":100},"functions":{"total":19,"covered":19,"skipped":0,"pct":100},"statements":{"total":21,"covered":21,"skipped":0,"pct":100},"branches":{"total":8,"covered":8,"skipped":0,"pct":100}}
,"C:\\Users\\notre\\fullstack-calculator\\frontend\\src\\hooks\\useCalculator.tsx": {"lines":{"total":43,"covered":43,"skipped":0,"pct":100},"functions":{"total":6,"covered":6,"skipped":0,"pct":100},"statements":{"total":44,"covered":44,"skipped":0,"pct":100},"branches":{"total":21,"covered":21,"skipped":0,"pct":100}}
,"C:\\Users\\notre\\fullstack-calculator\\frontend\\src\\services\\apiService.ts": {"lines":{"total":15,"covered":15,"skipped":0,"pct":100},"functions":{"total":1,"covered":1,"skipped":0,"pct":100},"statements":{"total":15,"covered":15,"skipped":0,"pct":100},"branches":{"total":8,"covered":8,"skipped":0,"pct":100}}
}
